Using pre-set license
Built from '2021.3/staging' branch; Version is '2021.3.7f1 (24e8595d6d43) revision 2418777'; Using compiler version '192829333'; Build Type 'Release'
OS: 'Windows 11  (10.0.22631) 64bit Core' Language: 'en' Physical Memory: 32657 MB
BatchMode: 1, IsHumanControllingUs: 0, StartBugReporterOnCrash: 0, Is64bit: 1, IsPro: 1

COMMAND LINE ARGUMENTS:
C:\Program Files\Unity\Hub\Editor\2021.3.7f1\Editor\Unity.exe
-adb2
-batchMode
-noUpm
-name
AssetImportWorker6
-projectPath
C:/Users/Lucas/Documents/GitHub/UntitledWeebDungeonCrawlerGame
-logFile
Logs/AssetImportWorker6.log
-srvPort
64355
Successfully changed project path to: C:/Users/Lucas/Documents/GitHub/UntitledWeebDungeonCrawlerGame
C:/Users/Lucas/Documents/GitHub/UntitledWeebDungeonCrawlerGame
[UnityMemory] Configuration Parameters - Can be set up in boot.config
    "memorysetup-bucket-allocator-granularity=16"
    "memorysetup-bucket-allocator-bucket-count=8"
    "memorysetup-bucket-allocator-block-size=33554432"
    "memorysetup-bucket-allocator-block-count=8"
    "memorysetup-main-allocator-block-size=16777216"
    "memorysetup-thread-allocator-block-size=16777216"
    "memorysetup-gfx-main-allocator-block-size=16777216"
    "memorysetup-gfx-thread-allocator-block-size=16777216"
    "memorysetup-cache-allocator-block-size=4194304"
    "memorysetup-typetree-allocator-block-size=2097152"
    "memorysetup-profiler-bucket-allocator-granularity=16"
    "memorysetup-profiler-bucket-allocator-bucket-count=8"
    "memorysetup-profiler-bucket-allocator-block-size=33554432"
    "memorysetup-profiler-bucket-allocator-block-count=8"
    "memorysetup-profiler-allocator-block-size=16777216"
    "memorysetup-profiler-editor-allocator-block-size=1048576"
    "memorysetup-temp-allocator-size-main=16777216"
    "memorysetup-job-temp-allocator-block-size=2097152"
    "memorysetup-job-temp-allocator-block-size-background=1048576"
    "memorysetup-job-temp-allocator-reduction-small-platforms=262144"
    "memorysetup-temp-allocator-size-background-worker=32768"
    "memorysetup-temp-allocator-size-job-worker=262144"
    "memorysetup-temp-allocator-size-preload-manager=33554432"
    "memorysetup-temp-allocator-size-nav-mesh-worker=65536"
    "memorysetup-temp-allocator-size-audio-worker=65536"
    "memorysetup-temp-allocator-size-cloud-worker=32768"
    "memorysetup-temp-allocator-size-gi-baking-worker=262144"
    "memorysetup-temp-allocator-size-gfx=262144"
Refreshing native plugins compatible for Editor in 68.46 ms, found 3 plugins.
Preloading 0 native plugins for Editor in 0.00 ms.
Initialize engine version: 2021.3.7f1 (24e8595d6d43)
[Subsystems] Discovering subsystems at path C:/Program Files/Unity/Hub/Editor/2021.3.7f1/Editor/Data/Resources/UnitySubsystems
[Subsystems] Discovering subsystems at path C:/Users/Lucas/Documents/GitHub/UntitledWeebDungeonCrawlerGame/Assets
GfxDevice: creating device client; threaded=0; jobified=0
Direct3D:
    Version:  Direct3D 11.0 [level 11.1]
    Renderer: NVIDIA GeForce RTX 3070 Ti (ID=0x2482)
    Vendor:   NVIDIA
    VRAM:     8018 MB
    Driver:   31.0.15.5244
Initialize mono
Mono path[0] = 'C:/Program Files/Unity/Hub/Editor/2021.3.7f1/Editor/Data/Managed'
Mono path[1] = 'C:/Program Files/Unity/Hub/Editor/2021.3.7f1/Editor/Data/MonoBleedingEdge/lib/mono/unityjit-win32'
Mono config path = 'C:/Program Files/Unity/Hub/Editor/2021.3.7f1/Editor/Data/MonoBleedingEdge/etc'
Using monoOptions --debugger-agent=transport=dt_socket,embedding=1,server=y,suspend=n,address=127.0.0.1:56184
Begin MonoManager ReloadAssembly
Registering precompiled unity dll's ...
Register platform support module: C:/Program Files/Unity/Hub/Editor/2021.3.7f1/Editor/Data/PlaybackEngines/WebGLSupport/UnityEditor.WebGL.Extensions.dll
Register platform support module: C:/Program Files/Unity/Hub/Editor/2021.3.7f1/Editor/Data/PlaybackEngines/WindowsStandaloneSupport/UnityEditor.WindowsStandalone.Extensions.dll
Registered in 0.005486 seconds.
Native extension for WindowsStandalone target not found
Native extension for WebGL target not found
Refreshing native plugins compatible for Editor in 66.67 ms, found 3 plugins.
Preloading 0 native plugins for Editor in 0.00 ms.
Mono: successfully reloaded assembly
- Completed reload, in  0.465 seconds
Domain Reload Profiling:
	ReloadAssembly (465ms)
		BeginReloadAssembly (54ms)
			ExecutionOrderSort (0ms)
			DisableScriptedObjects (0ms)
			BackupInstance (0ms)
			ReleaseScriptingObjects (0ms)
			CreateAndSetChildDomain (1ms)
		EndReloadAssembly (331ms)
			LoadAssemblies (52ms)
			RebuildTransferFunctionScriptingTraits (0ms)
			SetupTypeCache (71ms)
			ReleaseScriptCaches (0ms)
			RebuildScriptCaches (18ms)
			SetupLoadedEditorAssemblies (205ms)
				LogAssemblyErrors (0ms)
				InitializePlatformSupportModulesInManaged (6ms)
				SetLoadedEditorAssemblies (0ms)
				RefreshPlugins (67ms)
				BeforeProcessingInitializeOnLoad (1ms)
				ProcessInitializeOnLoadAttributes (98ms)
				ProcessInitializeOnLoadMethodAttributes (33ms)
				AfterProcessingInitializeOnLoad (0ms)
				EditorAssembliesLoaded (0ms)
			ExecutionOrderSort2 (0ms)
			AwakeInstancesAfterBackupRestoration (0ms)
Platform modules already initialized, skipping
Registering precompiled user dll's ...
Registered in 0.005741 seconds.
Begin MonoManager ReloadAssembly
Symbol file LoadedFromMemory doesn't match image C:\Users\Lucas\Documents\GitHub\UntitledWeebDungeonCrawlerGame\Library\PackageCache\com.unity.visualscripting@1.7.8\Editor\VisualScripting.Core\Dependencies\YamlDotNet\Unity.VisualScripting.YamlDotNet.dll
Symbol file LoadedFromMemory doesn't match image C:\Users\Lucas\Documents\GitHub\UntitledWeebDungeonCrawlerGame\Library\PackageCache\com.unity.visualscripting@1.7.8\Editor\VisualScripting.Core\Dependencies\DotNetZip\Unity.VisualScripting.IonicZip.dll
Native extension for WindowsStandalone target not found
Native extension for WebGL target not found
Refreshing native plugins compatible for Editor in 0.77 ms, found 3 plugins.
Preloading 0 native plugins for Editor in 0.00 ms.
Mono: successfully reloaded assembly
- Completed reload, in  0.775 seconds
Domain Reload Profiling:
	ReloadAssembly (775ms)
		BeginReloadAssembly (86ms)
			ExecutionOrderSort (0ms)
			DisableScriptedObjects (5ms)
			BackupInstance (0ms)
			ReleaseScriptingObjects (0ms)
			CreateAndSetChildDomain (18ms)
		EndReloadAssembly (607ms)
			LoadAssemblies (68ms)
			RebuildTransferFunctionScriptingTraits (0ms)
			SetupTypeCache (182ms)
			ReleaseScriptCaches (1ms)
			RebuildScriptCaches (36ms)
			SetupLoadedEditorAssemblies (292ms)
				LogAssemblyErrors (0ms)
				InitializePlatformSupportModulesInManaged (5ms)
				SetLoadedEditorAssemblies (0ms)
				RefreshPlugins (1ms)
				BeforeProcessingInitializeOnLoad (68ms)
				ProcessInitializeOnLoadAttributes (187ms)
				ProcessInitializeOnLoadMethodAttributes (22ms)
				AfterProcessingInitializeOnLoad (7ms)
				EditorAssembliesLoaded (0ms)
			ExecutionOrderSort2 (0ms)
			AwakeInstancesAfterBackupRestoration (4ms)
Platform modules already initialized, skipping
========================================================================
Worker process is ready to serve import requests
Launched and connected shader compiler UnityShaderCompiler.exe after 0.03 seconds
Refreshing native plugins compatible for Editor in 1.46 ms, found 3 plugins.
Preloading 0 native plugins for Editor in 0.00 ms.
Unloading 3813 Unused Serialized files (Serialized files now loaded: 0)
Unloading 27 unused Assets / (101.9 KB). Loaded Objects now: 4281.
Memory consumption went from 139.9 MB to 139.8 MB.
Total: 2.757000 ms (FindLiveObjects: 0.254100 ms CreateObjectMapping: 0.151600 ms MarkObjects: 2.242600 ms  DeleteObjects: 0.108000 ms)

AssetImportParameters requested are different than current active one (requested -> active):
  custom:video-decoder-ogg-theora: a1e56fd34408186e4bbccfd4996cb3dc -> 
  custom:container-muxer-webm: aa71ff27fc2769a1b78a27578f13a17b -> 
  custom:container-demuxer-webm: 4f35f7cbe854078d1ac9338744f61a02 -> 
  custom:video-encoder-webm-vp8: eb34c28f22e8b96e1ab97ce403110664 -> 
  custom:video-codec-MediaFoundation-h265: 746d11721c4dcdbdad8f713fa42b33f4 -> 
  custom:audio-encoder-webm-vorbis: bf7c407c2cedff20999df2af8eb42d56 -> 
  custom:framework-win-MediaFoundation: 216162199b28c13a410421893ffa2e32 -> 
  custom:container-demuxer-ogg: 62fdf1f143b41e24485cea50d1cbac27 -> 
  custom:video-decoder-webm-vp8: 9c59270c3fd7afecdb556c50c9e8de78 -> 
  custom:audio-decoder-ogg-vorbis: bf7c407c2cedff20999df2af8eb42d56 -> 
========================================================================
Received Import Request.
  Time since last request: 629095.162481 seconds.
  path: Assets/Tirgames/ShootingRangeInteriors/Materials/Plastic/PlasticBlack1.mat
  artifactKey: Guid(232b9e3ecf189204f93352b48b005232) Importer(815301076,1909f56bfc062723c751e8b465ee728b)
Start importing Assets/Tirgames/ShootingRangeInteriors/Materials/Plastic/PlasticBlack1.mat using Guid(232b9e3ecf189204f93352b48b005232) Importer(815301076,1909f56bfc062723c751e8b465ee728b)  -> (artifact id: '111b71f4ca9466a7ac7d36bbed77dbcf') in 0.107922 seconds 
========================================================================
Received Import Request.
  Time since last request: 2.062863 seconds.
  path: Assets/Tirgames/ShootingRangeInteriors/Materials/Concrete/ConcreteClear09.mat
  artifactKey: Guid(d8df69f30bcc8374f8ef0ff0bfad938b) Importer(815301076,1909f56bfc062723c751e8b465ee728b)
Start importing Assets/Tirgames/ShootingRangeInteriors/Materials/Concrete/ConcreteClear09.mat using Guid(d8df69f30bcc8374f8ef0ff0bfad938b) Importer(815301076,1909f56bfc062723c751e8b465ee728b)  -> (artifact id: '7d8adef92ab96acb4ba061935295685a') in 0.012853 seconds 
========================================================================
Received Import Request.
  Time since last request: 0.000018 seconds.
  path: Assets/Tirgames/ShootingRangeInteriors/Materials/Concrete/ConcreteWall6b.mat
  artifactKey: Guid(898ad0869c4cc3943a4dafbfac2af15a) Importer(815301076,1909f56bfc062723c751e8b465ee728b)
Start importing Assets/Tirgames/ShootingRangeInteriors/Materials/Concrete/ConcreteWall6b.mat using Guid(898ad0869c4cc3943a4dafbfac2af15a) Importer(815301076,1909f56bfc062723c751e8b465ee728b)  -> (artifact id: 'a1e7dce0ab67a231592f5243d4a83c15') in 0.026044 seconds 
========================================================================
Received Import Request.
  Time since last request: 201.071973 seconds.
  path: Assets/Tirgames/ShootingRangeInteriors/PhysicsMaterials/PhyFabric.physicMaterial
  artifactKey: Guid(b10188e621b5ba34790d8257e04dc7df) Importer(815301076,1909f56bfc062723c751e8b465ee728b)
Start importing Assets/Tirgames/ShootingRangeInteriors/PhysicsMaterials/PhyFabric.physicMaterial using Guid(b10188e621b5ba34790d8257e04dc7df) Importer(815301076,1909f56bfc062723c751e8b465ee728b)  -> (artifact id: '5d40a6fd4f611116f26e6217e071e3e7') in 0.009244 seconds 
========================================================================
Received Import Request.
  Time since last request: 0.000016 seconds.
  path: Assets/Tirgames/ShootingRangeInteriors/PhysicsMaterials/PhyPlastic.physicMaterial
  artifactKey: Guid(69745ff0969cd3e418c9c0e0953b2001) Importer(815301076,1909f56bfc062723c751e8b465ee728b)
Start importing Assets/Tirgames/ShootingRangeInteriors/PhysicsMaterials/PhyPlastic.physicMaterial using Guid(69745ff0969cd3e418c9c0e0953b2001) Importer(815301076,1909f56bfc062723c751e8b465ee728b)  -> (artifact id: '260dad9899358fbf15a66ea0bb8daacb') in 0.006351 seconds 
========================================================================
Received Import Request.
  Time since last request: 0.788225 seconds.
  path: Assets/Tirgames/ShootingRangeInteriors/Models/ShootingRange01.FBX
  artifactKey: Guid(bbc586b0d65164a42bbfb1147828ea86) Importer(815301076,1909f56bfc062723c751e8b465ee728b)
Start importing Assets/Tirgames/ShootingRangeInteriors/Models/ShootingRange01.FBX using Guid(bbc586b0d65164a42bbfb1147828ea86) Importer(815301076,1909f56bfc062723c751e8b465ee728b)  -> (artifact id: '9e5e2b19ca14cd586eb70f698c025873') in 0.072132 seconds 
========================================================================
Received Import Request.
  Time since last request: 3.510675 seconds.
  path: Assets/Tirgames/ShootingRangeInteriors/Models/Doors
  artifactKey: Guid(582a63b048433d44682523f1cb3fbe78) Importer(815301076,1909f56bfc062723c751e8b465ee728b)
Start importing Assets/Tirgames/ShootingRangeInteriors/Models/Doors using Guid(582a63b048433d44682523f1cb3fbe78) Importer(815301076,1909f56bfc062723c751e8b465ee728b)  -> (artifact id: '8f5f876fc0682bf2c92b1977c7e5a07f') in 0.007267 seconds 
========================================================================
Received Import Request.
  Time since last request: 0.061695 seconds.
  path: Assets/Tirgames/ShootingRangeInteriors/Models/Doors/Door1.FBX
  artifactKey: Guid(bcec0e894e364094590828e6f193ee3e) Importer(815301076,1909f56bfc062723c751e8b465ee728b)
Start importing Assets/Tirgames/ShootingRangeInteriors/Models/Doors/Door1.FBX using Guid(bcec0e894e364094590828e6f193ee3e) Importer(815301076,1909f56bfc062723c751e8b465ee728b)  -> (artifact id: 'a403c11d27902f16fb25dc509a6c92fa') in 0.016050 seconds 
========================================================================
Received Import Request.
  Time since last request: 16.707684 seconds.
  path: Assets/Tirgames/ShootingRangeInteriors/Models/Doors/Prefabs
  artifactKey: Guid(4b90fde1a4e9ce24c855054234fcfc56) Importer(815301076,1909f56bfc062723c751e8b465ee728b)
Start importing Assets/Tirgames/ShootingRangeInteriors/Models/Doors/Prefabs using Guid(4b90fde1a4e9ce24c855054234fcfc56) Importer(815301076,1909f56bfc062723c751e8b465ee728b)  -> (artifact id: 'ea5dec3978665d0344321d166bb3a819') in 0.008083 seconds 
========================================================================
Received Import Request.
  Time since last request: 0.307310 seconds.
  path: Assets/Tirgames/ShootingRangeInteriors/Models/Doors/Prefabs/Door02.prefab
  artifactKey: Guid(2be38d8603bd375459a24022e0a4a8d0) Importer(815301076,1909f56bfc062723c751e8b465ee728b)
Start importing Assets/Tirgames/ShootingRangeInteriors/Models/Doors/Prefabs/Door02.prefab using Guid(2be38d8603bd375459a24022e0a4a8d0) Importer(815301076,1909f56bfc062723c751e8b465ee728b)  -> (artifact id: '4332967c9cf0db974882951a1a879603') in 0.014704 seconds 
========================================================================
Received Prepare
Registering precompiled user dll's ...
Registered in 0.008428 seconds.
Begin MonoManager ReloadAssembly
Symbol file LoadedFromMemory doesn't match image C:\Users\Lucas\Documents\GitHub\UntitledWeebDungeonCrawlerGame\Library\PackageCache\com.unity.visualscripting@1.7.8\Editor\VisualScripting.Core\Dependencies\YamlDotNet\Unity.VisualScripting.YamlDotNet.dll
Symbol file LoadedFromMemory doesn't match image C:\Users\Lucas\Documents\GitHub\UntitledWeebDungeonCrawlerGame\Library\PackageCache\com.unity.visualscripting@1.7.8\Editor\VisualScripting.Core\Dependencies\DotNetZip\Unity.VisualScripting.IonicZip.dll
Native extension for WindowsStandalone target not found
Native extension for WebGL target not found
Refreshing native plugins compatible for Editor in 0.82 ms, found 3 plugins.
Preloading 0 native plugins for Editor in 0.00 ms.
Mono: successfully reloaded assembly
- Completed reload, in  0.910 seconds
Domain Reload Profiling:
	ReloadAssembly (910ms)
		BeginReloadAssembly (200ms)
			ExecutionOrderSort (0ms)
			DisableScriptedObjects (3ms)
			BackupInstance (0ms)
			ReleaseScriptingObjects (0ms)
			CreateAndSetChildDomain (41ms)
		EndReloadAssembly (635ms)
			LoadAssemblies (152ms)
			RebuildTransferFunctionScriptingTraits (0ms)
			SetupTypeCache (240ms)
			ReleaseScriptCaches (2ms)
			RebuildScriptCaches (34ms)
			SetupLoadedEditorAssemblies (256ms)
				LogAssemblyErrors (0ms)
				InitializePlatformSupportModulesInManaged (11ms)
				SetLoadedEditorAssemblies (0ms)
				RefreshPlugins (1ms)
				BeforeProcessingInitializeOnLoad (54ms)
				ProcessInitializeOnLoadAttributes (164ms)
				ProcessInitializeOnLoadMethodAttributes (19ms)
				AfterProcessingInitializeOnLoad (6ms)
				EditorAssembliesLoaded (0ms)
			ExecutionOrderSort2 (0ms)
			AwakeInstancesAfterBackupRestoration (4ms)
Platform modules already initialized, skipping
Refreshing native plugins compatible for Editor in 2.01 ms, found 3 plugins.
Preloading 0 native plugins for Editor in 0.00 ms.
Unloading 3768 Unused Serialized files (Serialized files now loaded: 0)
Unloading 20 unused Assets / (70.1 KB). Loaded Objects now: 4327.
Memory consumption went from 140.6 MB to 140.5 MB.
Total: 2.947100 ms (FindLiveObjects: 0.286500 ms CreateObjectMapping: 0.149900 ms MarkObjects: 2.431700 ms  DeleteObjects: 0.078400 ms)

AssetImportParameters requested are different than current active one (requested -> active):
  custom:video-decoder-ogg-theora: a1e56fd34408186e4bbccfd4996cb3dc -> 
  custom:container-muxer-webm: aa71ff27fc2769a1b78a27578f13a17b -> 
  custom:container-demuxer-webm: 4f35f7cbe854078d1ac9338744f61a02 -> 
  custom:video-encoder-webm-vp8: eb34c28f22e8b96e1ab97ce403110664 -> 
  custom:video-codec-MediaFoundation-h265: 746d11721c4dcdbdad8f713fa42b33f4 -> 
  custom:audio-encoder-webm-vorbis: bf7c407c2cedff20999df2af8eb42d56 -> 
  custom:framework-win-MediaFoundation: 216162199b28c13a410421893ffa2e32 -> 
  custom:container-demuxer-ogg: 62fdf1f143b41e24485cea50d1cbac27 -> 
  custom:video-decoder-webm-vp8: 9c59270c3fd7afecdb556c50c9e8de78 -> 
  custom:audio-decoder-ogg-vorbis: bf7c407c2cedff20999df2af8eb42d56 -> 
